[debug] [2017-06-24T11:49:05.247Z] ----------------------------------------------------------------------
[debug] [2017-06-24T11:49:05.250Z] Command:      C:\Program Files\nodejs\node.exe C:\Users\Subrat\AppData\Roaming\npm\node_modules\firebase-tools\bin\firebase serve
[debug] [2017-06-24T11:49:05.251Z] CLI Version:  3.9.1
[debug] [2017-06-24T11:49:05.251Z] Platform:     win32
[debug] [2017-06-24T11:49:05.251Z] Node Version: v6.10.3
[debug] [2017-06-24T11:49:05.252Z] Time:         Sat Jun 24 2017 17:19:05 GMT+0530 (India Standard Time)
[debug] [2017-06-24T11:49:05.252Z] ----------------------------------------------------------------------
[debug] 
[debug] [2017-06-24T11:49:05.269Z] > command requires scopes: ["email","openid","https://www.googleapis.com/auth/cloudplatformprojects.readonly","https://www.googleapis.com/auth/firebase","https://www.googleapis.com/auth/cloud-platform"]
[debug] [2017-06-24T11:49:05.269Z] > authorizing via signed-in user
[debug] [2017-06-24T11:49:05.272Z] > refreshing access token with scopes: ["email","https://www.googleapis.com/auth/cloud-platform","https://www.googleapis.com/auth/cloudplatformprojects.readonly","https://www.googleapis.com/auth/firebase","openid"]
[debug] [2017-06-24T11:49:05.273Z] >>> HTTP REQUEST POST https://www.googleapis.com/oauth2/v3/token { refresh_token: '1/maKscs1gOtYcGu-9_JmEDhOZlZ6-VHsmblHKf-bt8gk',
  client_id: '563584335869-fgrhgmd47bqnekij5i8b5pr03ho849e6.apps.googleusercontent.com',
  client_secret: 'j9iVZfS8kkCEFUPaAeJV0sAi',
  grant_type: 'refresh_token',
  scope: 'email https://www.googleapis.com/auth/cloud-platform https://www.googleapis.com/auth/cloudplatformprojects.readonly https://www.googleapis.com/auth/firebase openid' } 
 Sat Jun 24 2017 17:19:05 GMT+0530 (India Standard Time)
[debug] [2017-06-24T11:49:05.447Z] <<< HTTP RESPONSE 200
[debug] [2017-06-24T11:49:05.485Z] >>> HTTP REQUEST GET https://admin.firebase.com/v1/projects/bookworm-c69d4  
 Sat Jun 24 2017 17:19:05 GMT+0530 (India Standard Time)
[debug] [2017-06-24T11:49:06.684Z] <<< HTTP RESPONSE 200
[debug] [2017-06-24T11:49:06.687Z] >>> HTTP REQUEST GET https://admin.firebase.com/v1/database/bookworm-c69d4/tokens  
 Sat Jun 24 2017 17:19:06 GMT+0530 (India Standard Time)
[debug] [2017-06-24T11:49:07.649Z] <<< HTTP RESPONSE 200
[info] 
[info] === Serving from 'E:\bookworm'...
[info] 
[debug] [2017-06-24T11:49:07.659Z] >>> HTTP REQUEST GET https://cloudresourcemanager.googleapis.com/v1/projects/bookworm-c69d4  
 Sat Jun 24 2017 17:19:07 GMT+0530 (India Standard Time)
[debug] [2017-06-24T11:49:09.177Z] <<< HTTP RESPONSE 200
[debug] [2017-06-24T11:49:09.178Z] >>> HTTP REQUEST GET https://mobilesdk-pa.googleapis.com/v1/projects/464543760329/clients/_:getWebAppConfig  
 Sat Jun 24 2017 17:19:09 GMT+0530 (India Standard Time)
[debug] [2017-06-24T11:49:09.929Z] <<< HTTP RESPONSE 200
[debug] [2017-06-24T11:49:10.213Z] TypeError: Cannot read property 'public' of undefined
[error] 
[error] Error: An unexpected error has occurred.
